    6.1    16.0 13206.73 
  357.9    62.6 36476.60 
    1.3    58.7 27947.02 
    7.0    44.4 34500.21 
  352.0    28.4  8767.41 
    2.2    41.0 33695.12 
   11.6    54.6 36763.36 
  339.4    51.4 14550.53 
   41.5    42.5 13225.27 
   12.8    54.2 35604.91 
  354.3    53.2 25127.06 
  356.6    61.0 28685.16 
    0.0    47.8 21192.36 
    7.5    41.1 22327.86 
   26.5    64.1 27338.95 
    8.3    60.0 36155.07 
    4.5    41.2 32069.41 
  350.9    51.7 32102.11 
  347.5    10.7  8558.69 
  353.6    49.7 24084.95 
  355.4    46.3 21324.30 
   12.8    39.7 20252.87 
  352.1    36.3 26091.31 
  349.7    56.8 44277.27 
    8.3    -3.2 10213.50 
    4.1    50.5 37848.97 
  356.2    55.3 41489.89 
  350.7    40.9 18981.05 
  337.3    18.9 11894.74 
    3.5    60.2 32271.70 
  339.3    54.9 31417.44 
  349.9    47.8 21665.79 
  353.3    28.5 22947.64 
    1.8    41.7 28008.92 
  329.8    66.5 22368.67 
    8.0    51.3 27093.07 
  358.9    49.2 28620.53 
  352.6    72.5 19629.14 
    3.3    50.4 33373.21 
  356.9    57.9 28546.65 
    9.0    38.9 42914.36 
    0.8    46.9 33701.29 
   46.6   -49.6  8172.51 
   27.2    38.4 15764.84 
    8.4    50.0 20380.00 
   12.8    39.9 26171.98 
  352.6    47.7 36941.64 
  357.6    63.5 28940.83 
    3.6    46.8 28199.60 
  356.4    30.9 21180.47 
  358.4    52.0 27319.70 
    6.6    22.4 12385.53 
   12.2    42.6 25907.08 
    4.4    51.4  6756.01 
    9.6    58.3 26984.02 
  359.9    38.4 16419.42 
  348.8    45.9 31729.96 
  328.3    13.0 13645.21 
  357.8    40.5 32262.92 
  354.1    23.7  8506.31 
  358.4    56.9 28302.83 
  358.8    55.9 42148.70 
  357.7    47.4 30705.85 
   16.5    56.1 13825.34 
  355.9    23.6 24328.81 
   18.6    22.5  9770.80 
  356.6    -6.5 11501.14 
  356.2    62.1 23631.77 
  358.0    52.5 31579.35 
    5.0    56.0 27790.83 
  350.9    32.7  8060.68 
   10.5    48.7 15312.12 
  356.6    50.1 37088.22 
   10.2    53.4 26359.47 
  353.0    54.2 16375.47 
  344.0    54.0 31745.71 
    2.0    44.5 35396.13 
  357.7    56.6 29511.12 
   12.1    37.6 11857.67 
  348.5    49.1 13082.97 
    2.5    46.1 24281.89 
    8.5    47.6 36117.25 
  347.1    48.9 18781.31 
  337.6    66.0 38917.66 
  357.5    52.4 35434.79 
   31.8    39.9  6220.19 
  358.5    55.8 18240.65 
  356.3    52.4 27098.34 
  352.1    47.1 39603.95 
    8.3    57.2 29528.93 
   18.6    55.7 14175.37 
  338.6    57.9  4280.34 
    5.5    62.9 11429.86 
  350.3    41.4 26878.90 
    4.4    52.3 44354.96 
    5.8    47.4 52835.77 
   14.4    38.9 25627.98 
    1.1    36.3 20097.06 
  356.2    44.4 24095.53 
  353.4    52.2 34381.44 
