12.182347
7.312323
9.141106
16.081977
12.757694
6.183197
5.897699
10.766071
9.718706
10.401265
9.457077
10.940954
13.162883
13.025798
11.546931
10.773542
12.808711
9.546775
10.118122
14.887879
10.381094
13.919975
7.430113
6.130209
11.529834
9.647486
5.822088
11.283249
12.657223
11.383329
13.390017
7.829202
9.391834
9.229137
9.777818
8.460752
13.304171
10.991557
9.111195
7.170290
12.293850
9.627316
12.500952
13.398363
10.400741
2.477010
11.484646
10.795119
8.435039
4.887980
13.459862
8.857526
8.471527
8.548726
4.375856
14.190771
10.695184
8.835200
8.049109
10.084903
5.473633
11.553297
7.695602
8.315122
15.130740
10.898414
12.021769
11.720900
8.586052
11.570761
11.819468
12.966677
9.788830
6.351659
6.338064
11.105341
7.116828
4.300142
11.734700
7.206628
10.847277
9.967840
13.186305
14.510675
10.725579
14.329988
7.408459
14.867858
5.973409
10.237304
8.139290
12.608450
13.101734
16.687545
7.492889
10.278171
10.298629
9.959963
7.612475
12.016614
6.101644
4.576207
4.249594
7.546198
12.935189
7.525954
3.431179
8.170543
10.678171
7.311562
10.721911
10.111965
11.372929
10.350818
8.052003
8.809292
9.803855
8.087195
13.043910
13.545846
9.128844
14.219139
10.515943
9.019818
8.871047
10.430977
7.111615
8.490085
13.888168
10.602806
8.174751
7.234028
11.985590
12.187870
8.831585
8.444563
11.330579
15.085529
9.066205
9.593417
8.160771
9.610231
4.448826
6.530537
11.151017
10.102197
12.304841
12.072514
10.433574
9.914353
9.904227
9.880619
9.012263
16.854043
6.531530
9.747858
7.071321
12.863554
11.393664
11.785532
10.094172
13.138581
9.233361
2.789184
7.007770
11.427166
6.145868
5.735874
10.297549
12.896319
9.271967
10.998127
7.127376
17.070447
7.372839
10.351205
15.262350
2.788004
8.470708
14.241373
3.820714
13.470688
14.380771
11.718244
12.023466
9.725462
7.078707
14.990779
9.622500
9.496280
9.827807
6.358251
12.152971
13.954899
14.888727
10.158176
9.034603
6.635925
15.162051
12.966962
13.614972
13.071520
13.410117
12.003610
6.272148
5.208220
9.261104
10.225021
7.036343
7.995911
11.440777
1.661273
10.665060
12.824632
11.965512
11.265915
11.362704
15.073733
11.035680
9.184138
7.760511
8.969318
10.214677
10.300525
5.887622
6.988786
10.172060
3.127352
11.738052
3.913223
10.799987
10.632616
13.046378
14.540469
8.845900
6.733637
13.239823
6.920646
13.750654
8.219163
8.333418
11.213221
4.394011
10.962747
9.501542
12.702987
8.545491
8.518890
11.203032
15.851757
13.340703
5.514834
8.779403
9.976220
12.578445
11.468938
14.240071
8.714375
10.048411
12.720154
11.664166
2.365284
9.129763
9.892534
7.942334
7.278855
15.185378
5.175418
12.125968
11.997293
12.394065
13.212755
7.329325
11.692759
12.791351
13.842032
8.997357
6.646548
10.521050
9.559628
9.526413
12.197880
10.618997
12.952663
10.060476
9.878212
10.541166
4.464235
8.679008
14.215486
8.884260
12.574432
14.134704
8.869673
12.046747
6.401902
4.849782
9.148538
4.268407
9.609992
11.776584
4.918353
13.363091
12.648990
6.143640
13.958630
14.464898
11.167148
11.349124
10.995742
10.523519
10.520238
8.029801
18.109956
7.077806
10.510272
10.745149
5.821833
9.203643
13.053190
8.130161
11.801709
11.577837
6.025945
8.908651
14.631997
5.824954
7.428946
8.640049
9.209352
10.788316
8.730201
11.085613
16.433166
9.501290
6.880565
7.524233
14.407056
9.451922
9.582745
9.524738
8.136803
2.410646
10.458836
5.066742
9.516815
7.917438
9.502170
12.746904
9.428860
6.707138
11.760774
10.208558
10.922087
7.956825
15.192551
8.003101
19.215743
12.703624
11.200040
13.794928
7.262689
7.141605
9.150100
9.942441
13.080860
12.973511
7.626204
17.021505
5.165275
14.738766
12.006002
15.263868
13.849951
14.519933
13.110342
9.109792
12.277716
10.359760
6.332217
14.995465
9.324655
4.465551
11.147062
14.717028
9.089664
13.078855
15.874740
10.264265
9.058798
7.793357
10.614656
9.110651
7.612439
7.875992
15.486959
11.600901
8.771192
7.458096
10.277341
12.275802
10.487526
7.167028
10.156634
10.701667
12.818561
4.414274
12.845040
3.898732
12.196746
5.541314
6.539356
11.535336
10.572958
17.111997
13.002182
11.066907
18.750713
8.808500
8.021352
13.581235
10.676401
7.160482
11.648209
9.258660
12.574564
13.411953
7.939376
8.816746
4.017444
13.190913
6.827162
8.487069
8.674434
10.930706
6.480054
10.209148
12.922653
7.938649
10.130006
15.010950
11.223000
11.322745
9.027810
9.690504
8.464544
12.523092
8.868511
11.417204
4.275996
9.792791
12.015814
7.088900
8.353663
7.504109
13.744494
11.182683
12.295216
16.308492
14.121345
8.992359
12.697004
10.648481
8.535713
5.034618
12.245807
6.273312
11.987562
7.619096
4.890145
8.699491
11.301488
11.921819
1.924204
12.112107
11.036788
10.149778
10.270325
1.084664
12.123656
10.591331
8.107150
11.670522
14.284099
1.298123
10.302953
12.466966
9.575032
12.029099
9.529503
9.381644
9.928041
3.879170
13.281731
5.043041
9.979696
7.385472
10.205777
10.581715
8.692519
15.803854
14.772632
11.041230
12.143091
10.002509
11.152876
11.111251
9.693133
10.920113
8.063269
6.831780
11.736029
13.394670
9.249040
14.518679
12.467088
6.920256
10.023474
10.818516
10.605029
7.924573
12.923831
15.732701
11.350435
9.275252
5.949113
10.535478
7.092383
7.992408
12.554774
9.735561
9.121658
8.588062
8.060935
7.808248
8.133389
13.182962
10.577520
12.751485
10.719575
10.385007
9.861764
10.846025
11.371782
8.725689
6.905496
6.268626
6.769070
10.672433
7.738654
13.110506
12.783265
8.457191
8.961651
6.950756
5.921118
10.761909
12.818871
5.896082
9.480456
4.944878
8.148508
10.119520
9.667480
7.990765
14.026374
7.512047
7.056642
9.706482
10.436700
13.109058
8.944679
10.534556
5.779514
6.188690
9.760521
9.753085
8.169617
10.717795
8.417742
10.888487
11.241457
10.792056
14.810621
9.787816
9.104850
6.598409
9.780062
10.575938
10.442706
10.274713
8.563821
9.508674
6.137951
7.921268
10.694841
14.310240
12.516517
8.356480
5.051815
10.072734
9.895007
7.283078
16.583383
6.415410
10.162325
12.545331
10.714012
11.168079
12.585747
17.951046
10.975735
12.330558
11.023468
9.204714
13.393114
10.614654
10.235690
16.357608
12.200257
11.444884
10.499378
4.450063
7.916506
8.455580
12.859370
6.550480
12.349839
7.708059
12.065708
11.547503
11.074116
4.275632
12.901963
7.722549
9.054575
10.657457
18.159234
7.043403
5.248395
12.724499
14.638778
12.215031
9.016087
7.224103
4.997005
7.814763
9.433173
5.213091
13.703452
8.928127
10.901307
13.311519
14.434389
8.980211
8.907994
8.931771
7.837547
12.411782
5.934051
9.882642
10.762963
8.875375
10.126732
11.857465
13.498749
10.998432
13.147905
12.099531
15.396813
10.281645
3.883602
6.333431
14.224909
11.461434
7.914052
10.765015
7.753010
10.006976
10.634496
10.983141
7.362887
11.587486
10.310026
10.071589
9.804523
7.013425
3.591789
11.343537
9.553465
9.912695
7.162426
13.082838
10.511913
7.158193
4.689702
9.685446
7.242851
12.218789
8.605212
5.411794
14.465483
5.969325
7.114905
7.044018
12.865039
11.799728
10.180196
11.564045
9.639535
13.555958
10.699548
12.139273
6.278182
13.783712
10.914025
12.243437
13.861349
12.741171
12.680694
10.477678
7.748032
14.188066
12.337295
8.324472
10.986954
4.721711
11.454974
11.478147
10.901689
10.100076
9.854230
6.847208
9.456021
12.983479
13.699318
12.373892
7.711581
14.319597
10.023556
11.186421
6.249636
13.095130
7.990032
5.693640
10.077976
9.431288
11.962908
9.342142
13.030051
12.237154
10.658791
11.779343
6.485387
8.953110
14.607271
12.134724
10.844639
8.653741
8.513027
12.691177
15.068201
9.610579
6.472923
8.153863
10.035827
15.350758
10.296687
7.741597
7.878225
12.376446
9.091698
9.401864
9.817369
11.715330
6.270877
14.997659
11.915707
10.391911
11.191370
13.914050
14.995954
9.243073
8.217906
13.596361
10.593660
7.562635
12.046728
10.770716
4.587662
6.043415
5.473452
5.834524
12.721983
9.945167
11.753643
9.778014
16.840897
9.567990
9.760006
6.453447
6.167102
12.981781
14.728786
2.725599
9.685891
10.449547
8.602843
13.076139
11.909347
10.010976
11.010960
11.121601
9.483958
9.120028
16.195002
6.769380
11.398541
4.002115
9.628188
5.692475
12.515359
6.787359
9.139614
3.585221
6.795015
8.890685
12.211328
2.142272
13.656064
6.655597
16.802332
9.861445
13.318811
10.411073
11.254765
12.936590
13.337684
14.697420
12.419126
10.540617
10.735591
12.748396
8.904716
6.822903
13.315277
7.734589
11.559038
10.310971
11.794622
17.802164
11.961571
11.764689
8.995307
5.445613
6.397964
11.761306
13.112926
9.571987
12.233268
13.162233
10.641344
10.747528
6.886619
11.120149
8.999899
7.798390
6.732727
14.695687
13.251594
10.999539
11.590813
12.772409
6.356732
4.964063
12.569614
9.593314
8.983324
5.265457
13.804676
8.454958
6.326247
12.014290
12.312123
12.516308
7.003939
7.575140
7.943367
9.637787
3.311590
15.298271
5.278252
7.441999
6.125490
9.120052
6.610659
14.739363
13.121794
10.723532
7.956156
10.902719
10.105269
5.157225
10.251365
9.976971
6.659322
10.151376
9.607552
9.793404
11.165879
7.394211
12.361045
15.308283
14.637972
8.997543
14.968607
7.395772
5.843562
9.149547
11.062335
13.530473
4.539843
5.935218
7.527528
14.166506
8.388903
12.398905
13.163713
10.848340
10.986248
5.356626
8.899642
11.003259
11.530783
10.529937
9.386505
3.909403
12.013036
11.326311
7.310697
12.133421
9.104669
15.242275
11.793679
8.124942
11.262231
8.827449
3.811560
7.103086
11.494675
9.553222
11.310340
8.327321
7.114486
10.073801
13.419923
12.732694
11.214136
5.944734
8.392990
12.254750
7.433856
11.979552
10.728899
9.615441
17.684749
11.424299
11.113763
10.416470
8.451866
6.348407
12.249620
8.317184
8.700972
7.307555
9.407132
5.695965
11.310994
8.061592
14.672141
14.037138
11.017092
12.067399
13.144385
10.288261
9.801403
9.398933
6.594351
15.899087
12.337109
12.139955
9.484253
6.339284
8.642459
11.103285
5.117941
10.015305
11.029718
9.357926
2.401744
