  280.0   -18.1
  101.6     9.9
  349.7    33.1
   51.6   -71.3
  177.4   -13.7
   43.3    -5.9
    9.2   -63.5
  188.2   -32.4
  201.6    62.3
  315.7     2.3
   60.3    19.5
  259.2   -35.9
  328.9    25.8
   29.4     2.7
  292.7    24.3
   48.3   -47.3
  163.2   -51.1
   53.0    14.4
  126.6     8.3
  155.8   -33.1
  340.4   -40.7
   62.1    59.1
   40.6    21.8
  154.1   -25.2
  137.4   -11.5
   55.7    53.1
  300.8   -33.0
   72.6    21.4
   86.8    66.4
  192.5    -0.6
  217.3    34.7
  345.9    28.4
  236.6     4.7
  215.8    -3.7
  162.6     8.9
   75.1    46.4
  308.4   -45.2
  123.9   -62.0
  301.1    67.2
   13.9   -16.5
  164.0    53.2
  252.1    42.0
  163.9    27.8
  115.1    10.3
  109.6    51.1
  230.8   -30.0
  113.0   -53.6
  310.1     3.9
   78.4     9.4
  222.7    56.6
